1532506149829	geckodriver	INFO	geckodriver 0.21.0
1532506149839	geckodriver	INFO	Listening on 127.0.0.1:53932
1532506152885	mozrunner::runner	INFO	Running command: "C:\\ABasicSoftware\\Mozilla Firefox\\firefox.exe" "-marionette" "-foreground" "-no-remote" "-profile" "C:\\Users\\pgsheng\\AppData\\Local\\Temp\\rust_mozprofile.GtUN7MX2KQG2"
Unable to read VR Path Registry from C:\Users\pgsheng\AppData\Local\openvr\openvrpaths.vrpath
Unable to read VR Path Registry from C:\Users\pgsheng\AppData\Local\openvr\openvrpaths.vrpath
Unable to read VR Path Registry from C:\Users\pgsheng\AppData\Local\openvr\openvrpaths.vrpath
Unable to read VR Path Registry from C:\Users\pgsheng\AppData\Local\openvr\openvrpaths.vrpath
Unable to read VR Path Registry from C:\Users\pgsheng\AppData\Local\openvr\openvrpaths.vrpath
1532506155352	Marionette	INFO	Listening on port 53940
1532506155656	Marionette	WARN	TLS certificate errors will be ignored for this session
JavaScript error: https://ss1.bdstatic.com/5eN1bjq8AAUYm2zgoY3K/r/www/cache/static/protocol/https/plugins/every_cookie_4644b13.js, line 4: ReferenceError: c is not defined
JavaScript error: https://sp0.baidu.com/5a1Fazu8AA54nxGko9WTAnF6hhy/su?wd=%E7%8E%8B&json=1&p=3&sid=1434_21079_26920&req=2&csor=1&cb=jQuery11020319456071561779_1532506156191&_=1532506156193, line 1: TypeError: jQuery11020319456071561779_1532506156191 is not a function
JavaScript error: https://sp0.baidu.com/5a1Fazu8AA54nxGko9WTAnF6hhy/su?wd=%E7%8E%8B%E6%98%A5%E7%8E%B2&json=1&p=3&sid=1434_21079_26920&req=2&csor=3&pwd=%E7%8E%8B%E6%98%A5&cb=jQuery11020319456071561779_1532506156191&_=1532506156195, line 1: TypeError: jQuery11020319456071561779_1532506156191 is not a function
JavaScript error: https://sp0.baidu.com/5a1Fazu8AA54nxGko9WTAnF6hhy/su?wd=%E7%8E%8B%E6%98%A5&json=1&p=3&sid=1434_21079_26920&req=2&csor=2&pwd=%E7%8E%8B&cb=jQuery11020319456071561779_1532506156191&_=1532506156194, line 1: TypeError: jQuery11020319456071561779_1532506156191 is not a function
[Parent 8924, Gecko_IOThread] WARNING: pipe error: 109: file z:/build/build/src/ipc/chromium/src/chrome/common/ipc_channel_win.cc, line 346
[Parent 8924, Gecko_IOThread] WARNING: pipe error: 109: file z:/build/build/src/ipc/chromium/src/chrome/common/ipc_channel_win.cc, line 346
[Child 16040, Chrome_ChildThread] WARNING: pipe error: 109: file z:/build/build/src/ipc/chromium/src/chrome/common/ipc_channel_win.cc, line 346
[Child 13192, Chr[oChild 16040me_ChildThread] WARNING: pipe error: 109: file z:/build/build/src/ipc/chromium/src/chrome/common/ipc_channel_win.cc, line 346
[Child 13192, C[Parent 8924, Gecko_IOThread] WARNING: pipe error: 109: file z:/build/build/src/ipc/chromium/src/chrome/common/ipc_channel_win.cc, line 346
[Child 1764, Chrome_ChildThread] WARNING: pipe error: 109: file z:/build/build/src/ipc/chromium/src/chrome/common/ipc_channel_win.cc, line 346
[Child 1764, Chrome_ChildThread] WARNING: pipe error: 109: file z:/build/build/src/ipc/chromium/src/chrome/common/ipc_channel_win.cc, line 346
*** UTM:SVC TimerManager:registerTimer called after profile-before-change notification. Ignoring timer registration for id: telemetry_modules_ping
[GPU 3148
###!!! [Child][MessageChannel::SendAndWait] Error: Channel error: cannot send/recv

1532509637244	geckodriver	INFO	geckodriver 0.21.0
1532509637256	geckodriver	INFO	Listening on 127.0.0.1:60370
1532509640297	mozrunner::runner	INFO	Running command: "C:\\ABasicSoftware\\Mozilla Firefox\\firefox.exe" "-marionette" "-foreground" "-no-remote" "-profile" "C:\\Users\\pgsheng\\AppData\\Local\\Temp\\rust_mozprofile.ogjTVG4yrr0V"
Unable to read VR Path Registry from C:\Users\pgsheng\AppData\Local\openvr\openvrpaths.vrpath
Unable to read VR Path Registry from C:\Users\pgsheng\AppData\Local\openvr\openvrpaths.vrpath
Unable to read VR Path Registry from C:\Users\pgsheng\AppData\Local\openvr\openvrpaths.vrpath
Unable to read VR Path Registry from C:\Users\pgsheng\AppData\Local\openvr\openvrpaths.vrpath
Unable to read VR Path Registry from C:\Users\pgsheng\AppData\Local\openvr\openvrpaths.vrpath
1532509644014	Marionette	INFO	Listening on port 60378
1532509644199	Marionette	WARN	TLS certificate errors will be ignored for this session
JavaScript error: https://ss1.bdstatic.com/5eN1bjq8AAUYm2zgoY3K/r/www/cache/static/protocol/https/plugins/every_cookie_4644b13.js, line 4: ReferenceError: c is not defined
JavaScript error: https://sp0.baidu.com/5a1Fazu8AA54nxGko9WTAnF6hhy/su?wd=%E7%8E%8B%E6%98%A5&json=1&p=3&sid=26940_1457_26430_21078_20930&req=2&csor=2&pwd=%E7%8E%8B&cb=jQuery1102046528038483282197_1532509645393&_=1532509645396, line 1: TypeError: jQuery1102046528038483282197_1532509645393 is not a function
[Parent 15984, Gecko_IOThread] WARNING: pipe error: 109: file z:/build/build/src/ipc/chromium/src/chrome/common/ipc_channel_win.cc, line 346
[Parent 15984, Gecko_IOThread] WARNING: pipe error: 109: file z:/build/build/src/ipc/chromium/src/chrome/common/ipc_channel_win.cc, line 346
[Child 6404, Chrome_ChildThread] WARNING: pipe error: 109: file z:/build/build/src/ipc/chromium/src/chrome/common/ipc_channel_win.cc, line 346
[Child 6404, Chrome_ChildThread] WARNING: pipe error: 109: file[Child 12224, Chrome_ChildThread] WARNING: pipe error: 109: file z:/build/build/src/ipc/chromium/src/chrome/common/ipc_channel_win.cc, line 346
[Chi[Parent 15984, Gecko_IOThread] WARNING: pipe error: 109: file z:/build/build/src/ipc/chromium/src/chrome/common/ipc_channel_win.cc, line 346
[Child 2844, Chrome_ChildThread] WARNING: pipe error: 109: file z:/build/build/src/ipc/chromium/src/chrome/common/ipc_channel_win.cc, line 346
[Child 2844, *** UTM:SVC TimerManager:registerTimer called after profile-before-change notification. Ignoring timer registration for id: telemetry_modules_ping
[GPU 1952
###!!! [Child][MessageChannel::SendAndWait] Error: Channel error: cannot send/recv

